TN:
SF:app\layout.tsx
FN:82,RootLayout
FNF:1
FNH:0
FNDA:0,RootLayout
DA:2,0
DA:3,0
DA:4,0
DA:5,0
DA:6,0
DA:7,0
DA:8,0
DA:10,0
DA:82,0
LF:9
LH:0
BRF:0
BRH:0
end_of_record
TN:
SF:app\page.tsx
FN:3,Home
FNF:1
FNH:0
FNDA:0,Home
DA:1,0
DA:3,0
DA:4,0
LF:3
LH:0
BRF:0
BRH:0
end_of_record
TN:
SF:app\sitemap.ts
FN:3,sitemap
FNF:1
FNH:0
FNDA:0,sitemap
DA:3,0
DA:4,0
DA:6,0
LF:3
LH:0
BRF:0
BRH:0
end_of_record
TN:
SF:app\about\page.tsx
FN:38,AboutPage
FNF:1
FNH:0
FNDA:0,AboutPage
DA:2,0
DA:3,0
DA:4,0
DA:5,0
DA:7,0
DA:38,0
LF:6
LH:0
BRF:0
BRH:0
end_of_record
TN:
SF:app\faq\page.tsx
FN:37,FAQPage
FNF:1
FNH:0
FNDA:0,FAQPage
DA:2,0
DA:3,0
DA:4,0
DA:5,0
DA:7,0
DA:37,0
LF:6
LH:0
BRF:0
BRH:0
end_of_record
TN:
SF:components\accessibility-provider.tsx
FN:5,AccessibilityProvider
FN:10,(anonymous_5)
FN:12,(anonymous_6)
FN:28,(anonymous_7)
FN:40,(anonymous_8)
FN:49,(anonymous_9)
FN:55,(anonymous_10)
FN:68,(anonymous_11)
FN:95,(anonymous_12)
FN:106,announceToScreenReader
FN:114,manageFocus
FNF:11
FNH:0
FNDA:0,AccessibilityProvider
FNDA:0,(anonymous_5)
FNDA:0,(anonymous_6)
FNDA:0,(anonymous_7)
FNDA:0,(anonymous_8)
FNDA:0,(anonymous_9)
FNDA:0,(anonymous_10)
FNDA:0,(anonymous_11)
FNDA:0,(anonymous_12)
FNDA:0,announceToScreenReader
FNDA:0,manageFocus
DA:3,0
DA:5,0
DA:10,0
DA:12,0
DA:14,0
DA:19,0
DA:20,0
DA:21,0
DA:26,0
DA:27,0
DA:28,0
DA:29,0
DA:32,0
DA:33,0
DA:40,0
DA:41,0
DA:44,0
DA:45,0
DA:49,0
DA:50,0
DA:51,0
DA:55,0
DA:56,0
DA:57,0
DA:58,0
DA:59,0
DA:60,0
DA:61,0
DA:62,0
DA:63,0
DA:68,0
DA:69,0
DA:70,0
DA:71,0
DA:76,0
DA:77,0
DA:78,0
DA:81,0
DA:84,0
DA:85,0
DA:86,0
DA:87,0
DA:88,0
DA:89,0
DA:90,0
DA:92,0
DA:95,0
DA:96,0
DA:97,0
DA:98,0
DA:106,0
DA:107,0
DA:108,0
DA:109,0
DA:114,0
DA:115,0
DA:116,0
DA:117,0
LF:58
LH:0
BRDA:14,0,0,0
BRDA:14,0,1,0
BRDA:15,1,0,0
BRDA:15,1,1,0
BRDA:15,1,2,0
BRDA:20,2,0,0
BRDA:20,2,1,0
BRDA:26,3,0,0
BRDA:26,3,1,0
BRDA:32,4,0,0
BRDA:32,4,1,0
BRDA:32,5,0,0
BRDA:32,5,1,0
BRDA:44,6,0,0
BRDA:44,6,1,0
BRDA:57,7,0,0
BRDA:57,7,1,0
BRDA:70,8,0,0
BRDA:70,8,1,0
BRDA:85,9,0,0
BRDA:85,9,1,0
BRDA:108,10,0,0
BRDA:108,10,1,0
BRDA:115,11,0,0
BRDA:115,11,1,0
BRF:25
BRH:0
end_of_record
TN:
SF:components\animated-beam-demo.tsx
FN:37,(anonymous_2)
FN:55,(anonymous_3)
FN:63,(anonymous_4)
FN:82,(anonymous_5)
FN:140,(anonymous_6)
FN:166,AnimatedBeamDemo
FN:187,(anonymous_8)
FN:188,(anonymous_9)
FN:242,(anonymous_10)
FN:256,(anonymous_11)
FN:260,(anonymous_12)
FN:264,(anonymous_13)
FN:278,(anonymous_14)
FN:279,(anonymous_15)
FN:299,(anonymous_16)
FN:302,(anonymous_17)
FN:311,(anonymous_18)
FN:314,(anonymous_19)
FN:325,(anonymous_20)
FN:328,(anonymous_21)
FN:334,(anonymous_22)
FN:368,(anonymous_23)
FN:371,(anonymous_24)
FN:382,(anonymous_25)
FN:385,(anonymous_26)
FN:394,(anonymous_27)
FN:397,(anonymous_28)
FNF:27
FNH:0
FNDA:0,(anonymous_2)
FNDA:0,(anonymous_3)
FNDA:0,(anonymous_4)
FNDA:0,(anonymous_5)
FNDA:0,(anonymous_6)
FNDA:0,AnimatedBeamDemo
FNDA:0,(anonymous_8)
FNDA:0,(anonymous_9)
FNDA:0,(anonymous_10)
FNDA:0,(anonymous_11)
FNDA:0,(anonymous_12)
FNDA:0,(anonymous_13)
FNDA:0,(anonymous_14)
FNDA:0,(anonymous_15)
FNDA:0,(anonymous_16)
FNDA:0,(anonymous_17)
FNDA:0,(anonymous_18)
FNDA:0,(anonymous_19)
FNDA:0,(anonymous_20)
FNDA:0,(anonymous_21)
FNDA:0,(anonymous_22)
FNDA:0,(anonymous_23)
FNDA:0,(anonymous_24)
FNDA:0,(anonymous_25)
FNDA:0,(anonymous_26)
FNDA:0,(anonymous_27)
FNDA:0,(anonymous_28)
DA:4,0
DA:5,0
DA:6,0
DA:7,0
DA:8,0
DA:18,0
DA:20,0
DA:50,0
DA:51,0
DA:52,0
DA:53,0
DA:55,0
DA:56,0
DA:57,0
DA:58,0
DA:59,0
DA:60,0
DA:63,0
DA:64,0
DA:65,0
DA:66,0
DA:82,0
DA:138,0
DA:140,0
DA:149,0
DA:166,0
DA:167,0
DA:168,0
DA:169,0
DA:170,0
DA:171,0
DA:172,0
DA:173,0
DA:174,0
DA:176,0
DA:187,0
DA:188,0
DA:189,0
DA:190,0
DA:195,0
DA:242,0
DA:247,0
DA:249,0
DA:250,0
DA:255,0
DA:256,0
DA:259,0
DA:260,0
DA:264,0
DA:265,0
DA:267,0
DA:268,0
DA:271,0
DA:278,0
DA:279,0
DA:282,0
DA:300,0
DA:302,0
DA:312,0
DA:314,0
DA:326,0
DA:328,0
DA:334,0
DA:369,0
DA:371,0
DA:383,0
DA:385,0
DA:395,0
DA:397,0
LF:69
LH:0
BRDA:96,0,0,0
BRDA:96,0,1,0
BRDA:110,1,0,0
BRDA:149,2,0,0
BRDA:149,2,1,0
BRDA:189,3,0,0
BRDA:189,3,1,0
BRDA:249,4,0,0
BRDA:249,4,1,0
BRDA:249,5,0,0
BRDA:249,5,1,0
BRDA:249,5,2,0
BRDA:255,6,0,0
BRDA:255,6,1,0
BRDA:267,7,0,0
BRDA:267,7,1,0
BRF:16
BRH:0
end_of_record
TN:
SF:components\background-ripple-effect-demo.tsx
FN:12,BackgroundRippleEffectDemo
FNF:1
FNH:0
FNDA:0,BackgroundRippleEffectDemo
DA:2,0
DA:3,0
DA:4,0
DA:7,0
DA:8,0
DA:9,0
DA:10,0
DA:12,0
LF:8
LH:0
BRF:0
BRH:0
end_of_record
TN:
SF:components\enhanced-background.tsx
FN:9,EnhancedBackground
FN:22,(anonymous_5)
FNF:2
FNH:0
FNDA:0,EnhancedBackground
FNDA:0,(anonymous_5)
DA:4,0
DA:5,0
DA:9,0
DA:10,0
DA:11,0
DA:12,0
DA:15,0
DA:16,0
DA:22,0
DA:23,0
DA:24,0
DA:25,0
DA:26,0
DA:27,0
DA:28,0
LF:15
LH:0
BRDA:23,0,0,0
BRDA:23,0,1,0
BRF:2
BRH:0
end_of_record
TN:
SF:components\pwa-provider.tsx
FN:5,PWAProvider
FN:6,(anonymous_2)
FN:11,(anonymous_3)
FN:17,(anonymous_4)
FN:27,(anonymous_5)
FN:35,(anonymous_6)
FN:46,(anonymous_7)
FN:54,(anonymous_8)
FNF:8
FNH:0
FNDA:0,PWAProvider
FNDA:0,(anonymous_2)
FNDA:0,(anonymous_3)
FNDA:0,(anonymous_4)
FNDA:0,(anonymous_5)
FNDA:0,(anonymous_6)
FNDA:0,(anonymous_7)
FNDA:0,(anonymous_8)
DA:3,0
DA:5,0
DA:6,0
DA:8,0
DA:9,0
DA:12,0
DA:18,0
DA:20,0
DA:21,0
DA:27,0
DA:28,0
DA:29,0
DA:32,0
DA:33,0
DA:34,0
DA:35,0
DA:36,0
DA:37,0
DA:38,0
DA:39,0
DA:40,0
DA:46,0
DA:47,0
DA:48,0
DA:51,0
DA:52,0
DA:54,0
DA:55,0
DA:59,0
LF:29
LH:0
BRDA:8,0,0,0
BRDA:8,0,1,0
BRDA:8,1,0,0
BRDA:8,1,1,0
BRDA:20,2,0,0
BRDA:20,2,1,0
BRDA:33,3,0,0
BRDA:33,3,1,0
BRDA:36,4,0,0
BRDA:36,4,1,0
BRF:10
BRH:0
end_of_record
TN:
SF:components\site-header.tsx
FN:15,SiteHeader
FN:45,(anonymous_3)
FN:104,(anonymous_4)
FNF:3
FNH:0
FNDA:0,SiteHeader
FNDA:0,(anonymous_3)
FNDA:0,(anonymous_4)
DA:3,0
DA:4,0
DA:11,0
DA:12,0
DA:13,0
DA:15,0
DA:16,0
DA:46,0
DA:105,0
LF:9
LH:0
BRF:0
BRH:0
end_of_record
TN:
SF:components\theme-provider.tsx
FN:9,ThemeProvider
FNF:1
FNH:0
FNDA:0,ThemeProvider
DA:3,0
DA:7,0
DA:9,0
LF:3
LH:0
BRF:0
BRH:0
end_of_record
TN:
SF:components\core\text-effect.tsx
FN:18,TextEffect
FN:29,(anonymous_2)
FN:32,(anonymous_3)
FN:36,(anonymous_4)
FN:163,(anonymous_5)
FNF:5
FNH:0
FNDA:0,TextEffect
FNDA:0,(anonymous_2)
FNDA:0,(anonymous_3)
FNDA:0,(anonymous_4)
FNDA:0,(anonymous_5)
DA:4,0
DA:5,0
DA:6,0
DA:18,0
DA:27,0
DA:29,0
DA:30,0
DA:32,0
DA:33,0
DA:36,0
DA:39,0
DA:66,0
DA:147,0
DA:149,0
DA:150,0
DA:164,0
LF:16
LH:0
BRDA:21,0,0,0
BRDA:22,1,0,0
BRDA:24,2,0,0
BRDA:25,3,0,0
BRDA:30,4,0,0
BRDA:30,4,1,0
BRDA:147,5,0,0
BRDA:147,5,1,0
BRDA:147,5,2,0
BRDA:149,6,0,0
BRDA:149,6,1,0
BRDA:150,7,0,0
BRDA:150,7,1,0
BRDA:155,8,0,0
BRDA:170,9,0,0
BRDA:170,9,1,0
BRDA:170,9,2,0
BRF:17
BRH:0
end_of_record
TN:
SF:components\core\text-loop.tsx
FN:23,TextLoop
FN:36,(anonymous_2)
FN:40,(anonymous_3)
FN:41,(anonymous_4)
FN:47,(anonymous_5)
FNF:5
FNH:0
FNDA:0,TextLoop
FNDA:0,(anonymous_2)
FNDA:0,(anonymous_3)
FNDA:0,(anonymous_4)
FNDA:0,(anonymous_5)
DA:2,0
DA:9,0
DA:10,0
DA:23,0
DA:33,0
DA:34,0
DA:36,0
DA:37,0
DA:39,0
DA:40,0
DA:41,0
DA:42,0
DA:43,0
DA:44,0
DA:47,0
DA:50,0
LF:16
LH:0
BRDA:26,0,0,0
BRDA:27,1,0,0
BRDA:30,2,0,0
BRDA:31,3,0,0
BRDA:37,4,0,0
BRDA:37,4,1,0
BRDA:70,5,0,0
BRDA:70,5,1,0
BRF:8
BRH:0
end_of_record
TN:
SF:components\core\text-shimmer.tsx
FN:13,TextShimmer
FNF:1
FNH:0
FNDA:0,TextShimmer
DA:3,0
DA:4,0
DA:13,0
LF:3
LH:0
BRDA:16,0,0,0
BRF:1
BRH:0
end_of_record
TN:
SF:components\magicui\animated-beam.tsx
FN:30,(anonymous_1)
FN:68,(anonymous_2)
FN:69,(anonymous_3)
FN:99,(anonymous_4)
FN:115,(anonymous_5)
FNF:5
FNH:0
FNDA:0,(anonymous_1)
FNDA:0,(anonymous_2)
FNDA:0,(anonymous_3)
FNDA:0,(anonymous_4)
FNDA:0,(anonymous_5)
DA:5,0
DA:6,0
DA:8,0
DA:30,0
DA:49,0
DA:50,0
DA:51,0
DA:54,0
DA:68,0
DA:69,0
DA:70,0
DA:71,0
DA:72,0
DA:73,0
DA:74,0
DA:76,0
DA:77,0
DA:78,0
DA:81,0
DA:83,0
DA:85,0
DA:87,0
DA:89,0
DA:90,0
DA:91,0
DA:94,0
DA:99,0
DA:101,0
DA:102,0
DA:107,0
DA:108,0
DA:112,0
DA:115,0
DA:116,0
LF:34
LH:0
BRDA:35,0,0,0
BRDA:36,1,0,0
BRDA:37,2,0,0
BRDA:38,3,0,0
BRDA:39,4,0,0
BRDA:40,5,0,0
BRDA:41,6,0,0
BRDA:42,7,0,0
BRDA:43,8,0,0
BRDA:44,9,0,0
BRDA:45,10,0,0
BRDA:46,11,0,0
BRDA:47,12,0,0
BRDA:54,13,0,0
BRDA:54,13,1,0
BRDA:71,14,0,0
BRDA:71,14,1,0
BRDA:71,15,0,0
BRDA:71,15,1,0
BRDA:71,15,2,0
BRDA:107,16,0,0
BRDA:107,16,1,0
BRF:22
BRH:0
end_of_record
TN:
SF:components\ui\TextType.tsx
FN:36,(anonymous_1)
FN:66,(anonymous_2)
FN:70,(anonymous_3)
FN:76,(anonymous_4)
FN:81,(anonymous_5)
FN:85,(anonymous_6)
FN:86,(anonymous_7)
FN:96,(anonymous_8)
FN:99,(anonymous_9)
FN:112,(anonymous_10)
FN:121,(anonymous_11)
FN:133,(anonymous_12)
FN:135,(anonymous_13)
FN:137,(anonymous_14)
FN:138,(anonymous_15)
FN:144,(anonymous_16)
FN:145,(anonymous_17)
FN:146,(anonymous_18)
FN:151,(anonymous_19)
FN:164,(anonymous_20)
FNF:20
FNH:0
FNDA:0,(anonymous_1)
FNDA:0,(anonymous_2)
FNDA:0,(anonymous_3)
FNDA:0,(anonymous_4)
FNDA:0,(anonymous_5)
FNDA:0,(anonymous_6)
FNDA:0,(anonymous_7)
FNDA:0,(anonymous_8)
FNDA:0,(anonymous_9)
FNDA:0,(anonymous_10)
FNDA:0,(anonymous_11)
FNDA:0,(anonymous_12)
FNDA:0,(anonymous_13)
FNDA:0,(anonymous_14)
FNDA:0,(anonymous_15)
FNDA:0,(anonymous_16)
FNDA:0,(anonymous_17)
FNDA:0,(anonymous_18)
FNDA:0,(anonymous_19)
FNDA:0,(anonymous_20)
DA:11,0
DA:12,0
DA:36,0
DA:57,0
DA:58,0
DA:59,0
DA:60,0
DA:61,0
DA:62,0
DA:63,0
DA:65,0
DA:66,0
DA:70,0
DA:71,0
DA:72,0
DA:73,0
DA:76,0
DA:77,0
DA:78,0
DA:81,0
DA:82,0
DA:84,0
DA:86,0
DA:87,0
DA:88,0
DA:95,0
DA:96,0
DA:99,0
DA:100,0
DA:101,0
DA:102,0
DA:112,0
DA:113,0
DA:116,0
DA:117,0
DA:121,0
DA:122,0
DA:123,0
DA:124,0
DA:125,0
DA:126,0
DA:129,0
DA:130,0
DA:133,0
DA:134,0
DA:135,0
DA:137,0
DA:138,0
DA:142,0
DA:143,0
DA:145,0
DA:146,0
DA:150,0
DA:151,0
DA:152,0
DA:158,0
DA:159,0
DA:161,0
DA:164,0
DA:184,0
DA:211,0
LF:61
LH:0
BRDA:38,0,0,0
BRDA:39,1,0,0
BRDA:40,2,0,0
BRDA:41,3,0,0
BRDA:42,4,0,0
BRDA:43,5,0,0
BRDA:44,6,0,0
BRDA:45,7,0,0
BRDA:46,8,0,0
BRDA:47,9,0,0
BRDA:48,10,0,0
BRDA:49,11,0,0
BRDA:50,12,0,0
BRDA:53,13,0,0
BRDA:54,14,0,0
BRDA:66,15,0,0
BRDA:66,15,1,0
BRDA:71,16,0,0
BRDA:71,16,1,0
BRDA:77,17,0,0
BRDA:77,17,1,0
BRDA:82,18,0,0
BRDA:82,18,1,0
BRDA:82,19,0,0
BRDA:82,19,1,0
BRDA:87,20,0,0
BRDA:87,20,1,0
BRDA:100,21,0,0
BRDA:100,21,1,0
BRDA:100,22,0,0
BRDA:100,22,1,0
BRDA:113,23,0,0
BRDA:113,23,1,0
BRDA:117,24,0,0
BRDA:117,24,1,0
BRDA:122,25,0,0
BRDA:122,25,1,0
BRDA:123,26,0,0
BRDA:123,26,1,0
BRDA:125,27,0,0
BRDA:125,27,1,0
BRDA:125,28,0,0
BRDA:125,28,1,0
BRDA:129,29,0,0
BRDA:129,29,1,0
BRDA:142,30,0,0
BRDA:142,30,1,0
BRDA:148,31,0,0
BRDA:148,31,1,0
BRDA:150,32,0,0
BRDA:150,32,1,0
BRDA:158,33,0,0
BRDA:158,33,1,0
BRDA:158,34,0,0
BRDA:158,34,1,0
BRDA:158,34,2,0
BRDA:184,35,0,0
BRDA:184,35,1,0
BRDA:184,35,2,0
BRDA:200,36,0,0
BRDA:203,37,0,0
BRDA:203,37,1,0
BRF:62
BRH:0
end_of_record
TN:
SF:components\ui\about-timeline.tsx
FN:5,AboutTimeline
FN:8,(anonymous_2)
FNF:2
FNH:0
FNDA:0,AboutTimeline
FNDA:0,(anonymous_2)
DA:2,0
DA:3,0
DA:5,0
DA:6,0
DA:7,0
DA:8,0
LF:6
LH:0
BRF:0
BRH:0
end_of_record
TN:
SF:components\ui\accordion.tsx
FN:33,(anonymous_10)
FN:38,AccordionContainer
FN:53,AccordionWrapper
FN:78,Accordion
FN:100,(anonymous_14)
FN:101,(anonymous_15)
FN:108,(anonymous_16)
FN:119,(anonymous_17)
FN:154,AccordionItem
FN:189,AccordionHeader
FN:199,(anonymous_20)
FN:248,AccordionPanel
FNF:12
FNH:0
FNDA:0,(anonymous_10)
FNDA:0,AccordionContainer
FNDA:0,AccordionWrapper
FNDA:0,Accordion
FNDA:0,(anonymous_14)
FNDA:0,(anonymous_15)
FNDA:0,(anonymous_16)
FNDA:0,(anonymous_17)
FNDA:0,AccordionItem
FNDA:0,AccordionHeader
FNDA:0,(anonymous_20)
FNDA:0,AccordionPanel
DA:3,0
DA:4,0
DA:5,0
DA:6,0
DA:29,0
DA:33,0
DA:38,0
DA:53,0
DA:78,0
DA:86,0
DA:99,0
DA:101,0
DA:102,0
DA:103,0
DA:106,0
DA:107,0
DA:108,0
DA:110,0
DA:113,0
DA:119,0
DA:120,0
DA:122,0
DA:123,0
DA:124,0
DA:154,0
DA:159,0
DA:189,0
DA:194,0
DA:199,0
DA:200,0
DA:201,0
DA:248,0
DA:253,0
LF:33
LH:0
BRDA:89,0,0,0
BRDA:89,0,1,0
BRDA:90,1,0,0
BRDA:90,1,1,0
BRDA:93,2,0,0
BRDA:93,2,1,0
BRDA:102,3,0,0
BRDA:102,3,1,0
BRDA:103,4,0,0
BRDA:103,4,1,0
BRDA:106,5,0,0
BRDA:106,5,1,0
BRDA:107,6,0,0
BRDA:107,6,1,0
BRDA:120,7,0,0
BRDA:120,7,1,0
BRDA:124,8,0,0
BRDA:124,8,1,0
BRDA:125,9,0,0
BRDA:125,9,1,0
BRDA:163,10,0,0
BRDA:163,10,1,0
BRDA:200,11,0,0
BRDA:200,11,1,0
BRDA:200,12,0,0
BRDA:200,12,1,0
BRDA:207,13,0,0
BRDA:207,13,1,0
BRDA:215,14,0,0
BRDA:219,15,0,0
BRDA:219,15,1,0
BRDA:257,16,0,0
BRDA:259,17,0,0
BRDA:259,17,1,0
BRF:34
BRH:0
end_of_record
TN:
SF:components\ui\alert-dialog.tsx
FN:9,AlertDialog
FN:15,AlertDialogTrigger
FN:23,AlertDialogPortal
FN:31,AlertDialogOverlay
FN:47,AlertDialogContent
FN:66,AlertDialogHeader
FN:79,AlertDialogFooter
FN:95,AlertDialogTitle
FN:108,AlertDialogDescription
FN:121,AlertDialogAction
FN:133,AlertDialogCancel
FNF:11
FNH:0
FNDA:0,AlertDialog
FNDA:0,AlertDialogTrigger
FNDA:0,AlertDialogPortal
FNDA:0,AlertDialogOverlay
FNDA:0,AlertDialogContent
FNDA:0,AlertDialogHeader
FNDA:0,AlertDialogFooter
FNDA:0,AlertDialogTitle
FNDA:0,AlertDialogDescription
FNDA:0,AlertDialogAction
FNDA:0,AlertDialogCancel
DA:3,0
DA:4,0
DA:6,0
DA:7,0
DA:146,0
DA:147,0
DA:148,0
DA:149,0
DA:150,0
DA:151,0
DA:152,0
DA:153,0
DA:154,0
DA:155,0
DA:156,0
LF:15
LH:0
BRF:0
BRH:0
end_of_record
TN:
SF:components\ui\alert.tsx
FN:22,Alert
FN:37,AlertTitle
FN:50,AlertDescription
FNF:3
FNH:0
FNDA:0,Alert
FNDA:0,AlertTitle
FNDA:0,AlertDescription
DA:1,0
DA:2,0
DA:4,0
DA:6,0
DA:66,0
LF:5
LH:0
BRF:0
BRH:0
end_of_record
TN:
SF:components\ui\animated-bubble-button.tsx
FN:13,AnimatedBubbleButton
FNF:1
FNH:0
FNDA:0,AnimatedBubbleButton
DA:3,0
DA:4,0
DA:13,0
LF:3
LH:0
BRDA:17,0,0,0
BRDA:27,1,0,0
BRDA:27,1,1,0
BRF:3
BRH:0
end_of_record
TN:
SF:components\ui\animated-faqs.tsx
FN:70,AnimatedFAQs
FN:80,(anonymous_5)
FN:82,(anonymous_6)
FN:93,(anonymous_7)
FN:99,(anonymous_8)
FN:127,(anonymous_9)
FNF:6
FNH:0
FNDA:0,AnimatedFAQs
FNDA:0,(anonymous_5)
FNDA:0,(anonymous_6)
FNDA:0,(anonymous_7)
FNDA:0,(anonymous_8)
FNDA:0,(anonymous_9)
DA:2,0
DA:3,0
DA:4,0
DA:6,0
DA:71,0
DA:72,0
DA:80,0
DA:81,0
DA:82,0
DA:83,0
DA:94,0
DA:99,0
DA:128,0
DA:147,0
LF:14
LH:0
BRDA:81,0,0,0
BRDA:81,0,1,0
BRDA:97,1,0,0
BRDA:97,1,1,0
BRDA:107,2,0,0
BRDA:107,2,1,0
BRDA:113,3,0,0
BRDA:130,4,0,0
BRDA:130,4,1,0
BRF:9
BRH:0
end_of_record
TN:
SF:components\ui\animated-underline.tsx
FN:5,(anonymous_2)
FNF:1
FNH:0
FNDA:0,(anonymous_2)
DA:3,0
DA:5,0
DA:16,0
LF:3
LH:0
BRF:0
BRH:0
end_of_record
TN:
SF:components\ui\aspect-ratio.tsx
FN:5,AspectRatio
FNF:1
FNH:0
FNDA:0,AspectRatio
DA:3,0
DA:11,0
LF:2
LH:0
BRF:0
BRH:0
end_of_record
TN:
SF:components\ui\avatar.tsx
FN:8,Avatar
FN:24,AvatarImage
FN:37,AvatarFallback
FNF:3
FNH:0
FNDA:0,Avatar
FNDA:0,AvatarImage
FNDA:0,AvatarFallback
DA:3,0
DA:4,0
DA:6,0
DA:53,0
LF:4
LH:0
BRF:0
BRH:0
end_of_record
TN:
SF:components\ui\background-ripple-effect.tsx
FN:6,(anonymous_1)
FN:41,(anonymous_2)
FN:43,(anonymous_3)
FN:69,(anonymous_4)
FN:77,(anonymous_5)
FN:81,(anonymous_6)
FN:81,(anonymous_7)
FN:96,(anonymous_8)
FN:126,(anonymous_9)
FNF:9
FNH:0
FNDA:0,(anonymous_1)
FNDA:0,(anonymous_2)
FNDA:0,(anonymous_3)
FNDA:0,(anonymous_4)
FNDA:0,(anonymous_5)
FNDA:0,(anonymous_6)
FNDA:0,(anonymous_7)
FNDA:0,(anonymous_8)
FNDA:0,(anonymous_9)
DA:3,0
DA:4,0
DA:6,0
DA:15,0
DA:19,0
DA:20,0
DA:42,0
DA:43,0
DA:69,0
DA:80,0
DA:81,0
DA:85,0
DA:97,0
DA:98,0
DA:99,0
DA:102,0
DA:103,0
DA:105,0
DA:112,0
DA:126,0
LF:20
LH:0
BRDA:7,0,0,0
BRDA:8,1,0,0
BRDA:9,2,0,0
BRDA:71,3,0,0
BRDA:72,4,0,0
BRDA:73,5,0,0
BRDA:74,6,0,0
BRDA:75,7,0,0
BRDA:76,8,0,0
BRDA:77,9,0,0
BRDA:78,10,0,0
BRDA:99,11,0,0
BRDA:99,11,1,0
BRDA:102,12,0,0
BRDA:102,12,1,0
BRDA:105,13,0,0
BRDA:105,13,1,0
BRDA:117,14,0,0
BRDA:117,14,1,0
BRDA:118,15,0,0
BRDA:118,15,1,0
BRDA:126,16,0,0
BRDA:126,16,1,0
BRF:23
BRH:0
end_of_record
TN:
SF:components\ui\badge.tsx
FN:28,Badge
FNF:1
FNH:0
FNDA:0,Badge
DA:1,0
DA:2,0
DA:3,0
DA:5,0
DA:7,0
DA:35,0
DA:46,0
LF:7
LH:0
BRDA:31,0,0,0
BRDA:35,1,0,0
BRDA:35,1,1,0
BRF:3
BRH:0
end_of_record
TN:
SF:components\ui\breadcrumb.tsx
FN:7,Breadcrumb
FN:11,BreadcrumbList
FN:24,BreadcrumbItem
FN:34,BreadcrumbLink
FN:52,BreadcrumbPage
FN:65,BreadcrumbSeparator
FN:83,BreadcrumbEllipsis
FNF:7
FNH:0
FNDA:0,Breadcrumb
FNDA:0,BreadcrumbList
FNDA:0,BreadcrumbItem
FNDA:0,BreadcrumbLink
FNDA:0,BreadcrumbPage
FNDA:0,BreadcrumbSeparator
FNDA:0,BreadcrumbEllipsis
DA:1,0
DA:2,0
DA:3,0
DA:5,0
DA:41,0
DA:102,0
DA:103,0
DA:104,0
DA:105,0
DA:106,0
DA:107,0
DA:108,0
LF:12
LH:0
BRDA:41,0,0,0
BRDA:41,0,1,0
BRDA:78,1,0,0
BRDA:78,1,1,0
BRF:4
BRH:0
end_of_record
TN:
SF:components\ui\button.tsx
FN:43,(anonymous_6)
FNF:1
FNH:1
FNDA:4,(anonymous_6)
DA:1,1
DA:2,1
DA:3,1
DA:4,1
DA:6,1
DA:42,1
DA:44,4
DA:54,1
DA:56,4
LF:9
LH:9
BRDA:43,0,0,4
BRDA:44,1,0,0
BRDA:44,1,1,4
BRF:3
BRH:2
end_of_record
TN:
SF:components\ui\calendar.tsx
FN:14,Calendar
FN:39,(anonymous_7)
FN:128,(anonymous_8)
FN:138,(anonymous_9)
FN:159,(anonymous_10)
FN:175,CalendarDayButton
FN:184,(anonymous_12)
FNF:7
FNH:0
FNDA:0,Calendar
FNDA:0,(anonymous_7)
FNDA:0,(anonymous_8)
FNDA:0,(anonymous_9)
FNDA:0,(anonymous_10)
FNDA:0,CalendarDayButton
FNDA:0,(anonymous_12)
DA:3,0
DA:8,0
DA:9,0
DA:11,0
DA:12,0
DA:26,0
DA:40,0
DA:139,0
DA:145,0
DA:181,0
DA:183,0
DA:184,0
DA:185,0
DA:213,0
LF:14
LH:0
BRDA:17,0,0,0
BRDA:18,1,0,0
BRDA:19,2,0,0
BRDA:82,3,0,0
BRDA:82,3,1,0
BRDA:139,4,0,0
BRDA:139,4,1,0
BRDA:145,5,0,0
BRDA:145,5,1,0
BRDA:185,6,0,0
BRDA:185,6,1,0
BRDA:195,7,0,0
BRDA:195,7,1,0
BRDA:195,7,2,0
BRDA:195,7,3,0
BRF:15
BRH:0
end_of_record
TN:
SF:components\ui\card.tsx
FN:5,Card
FN:18,CardHeader
FN:31,CardTitle
FN:41,CardDescription
FN:51,CardAction
FN:64,CardContent
FN:74,CardFooter
FNF:7
FNH:0
FNDA:0,Card
FNDA:0,CardHeader
FNDA:0,CardTitle
FNDA:0,CardDescription
FNDA:0,CardAction
FNDA:0,CardContent
FNDA:0,CardFooter
DA:1,0
DA:3,0
DA:85,0
DA:86,0
DA:87,0
DA:88,0
DA:89,0
DA:90,0
DA:91,0
LF:9
LH:0
BRF:0
BRH:0
end_of_record
TN:
SF:components\ui\carousel.tsx
FN:35,useCarousel
FN:45,Carousel
FN:64,(anonymous_12)
FN:70,(anonymous_13)
FN:74,(anonymous_14)
FN:79,(anonymous_15)
FN:91,(anonymous_16)
FN:96,(anonymous_17)
FN:102,(anonymous_18)
FN:135,CarouselContent
FN:156,CarouselItem
FN:174,CarouselPrevious
FN:204,CarouselNext
FNF:13
FNH:0
FNDA:0,useCarousel
FNDA:0,Carousel
FNDA:0,(anonymous_12)
FNDA:0,(anonymous_13)
FNDA:0,(anonymous_14)
FNDA:0,(anonymous_15)
FNDA:0,(anonymous_16)
FNDA:0,(anonymous_17)
FNDA:0,(anonymous_18)
FNDA:0,CarouselContent
FNDA:0,CarouselItem
FNDA:0,CarouselPrevious
FNDA:0,CarouselNext
DA:3,0
DA:6,0
DA:7,0
DA:9,0
DA:10,0
DA:33,0
DA:36,0
DA:38,0
DA:39,0
DA:42,0
DA:54,0
DA:61,0
DA:62,0
DA:64,0
DA:65,0
DA:66,0
DA:67,0
DA:70,0
DA:71,0
DA:74,0
DA:75,0
DA:78,0
DA:80,0
DA:81,0
DA:82,0
DA:83,0
DA:84,0
DA:85,0
DA:91,0
DA:92,0
DA:93,0
DA:96,0
DA:97,0
DA:98,0
DA:99,0
DA:100,0
DA:102,0
DA:103,0
DA:136,0
DA:157,0
DA:180,0
DA:210,0
DA:236,0
DA:237,0
DA:238,0
DA:239,0
DA:240,0
LF:47
LH:0
BRDA:38,0,0,0
BRDA:38,0,1,0
BRDA:46,1,0,0
BRDA:57,2,0,0
BRDA:57,2,1,0
BRDA:65,3,0,0
BRDA:65,3,1,0
BRDA:80,4,0,0
BRDA:80,4,1,0
BRDA:83,5,0,0
BRDA:83,5,1,0
BRDA:92,6,0,0
BRDA:92,6,1,0
BRDA:92,7,0,0
BRDA:92,7,1,0
BRDA:97,8,0,0
BRDA:97,8,1,0
BRDA:114,9,0,0
BRDA:114,9,1,0
BRDA:114,10,0,0
BRDA:114,10,1,0
BRDA:147,11,0,0
BRDA:147,11,1,0
BRDA:166,12,0,0
BRDA:166,12,1,0
BRDA:176,13,0,0
BRDA:177,14,0,0
BRDA:189,15,0,0
BRDA:189,15,1,0
BRDA:206,16,0,0
BRDA:207,17,0,0
BRDA:219,18,0,0
BRDA:219,18,1,0
BRF:33
BRH:0
end_of_record
TN:
SF:components\ui\chart.tsx
FN:27,useChart
FN:37,ChartContainer
FN:72,(anonymous_12)
FN:74,(anonymous_13)
FN:86,(anonymous_14)
FN:89,(anonymous_15)
FN:107,ChartTooltipContent
FN:131,(anonymous_17)
FN:182,(anonymous_18)
FN:253,ChartLegendContent
FN:278,(anonymous_20)
FN:308,getPayloadConfigFromPayload
FNF:12
FNH:0
FNDA:0,useChart
FNDA:0,ChartContainer
FNDA:0,(anonymous_12)
FNDA:0,(anonymous_13)
FNDA:0,(anonymous_14)
FNDA:0,(anonymous_15)
FNDA:0,ChartTooltipContent
FNDA:0,(anonymous_17)
FNDA:0,(anonymous_18)
FNDA:0,ChartLegendContent
FNDA:0,(anonymous_20)
FNDA:0,getPayloadConfigFromPayload
DA:3,0
DA:4,0
DA:6,0
DA:9,0
DA:25,0
DA:28,0
DA:30,0
DA:31,0
DA:34,0
DA:49,0
DA:50,0
DA:72,0
DA:73,0
DA:74,0
DA:77,0
DA:78,0
DA:86,0
DA:91,0
DA:93,0
DA:105,0
DA:129,0
DA:131,0
DA:132,0
DA:133,0
DA:136,0
DA:137,0
DA:138,0
DA:140,0
DA:144,0
DA:152,0
DA:153,0
DA:167,0
DA:168,0
DA:171,0
DA:183,0
DA:184,0
DA:185,0
DA:187,0
DA:251,0
DA:264,0
DA:266,0
DA:267,0
DA:279,0
DA:280,0
DA:282,0
DA:313,0
DA:314,0
DA:318,0
DA:324,0
DA:326,0
DA:330,0
DA:331,0
DA:336,0
DA:341,0
DA:347,0
DA:348,0
DA:349,0
DA:350,0
DA:351,0
DA:352,0
LF:60
LH:0
BRDA:30,0,0,0
BRDA:30,0,1,0
BRDA:50,1,0,0
BRDA:50,1,1,0
BRDA:74,2,0,0
BRDA:74,2,1,0
BRDA:77,3,0,0
BRDA:77,3,1,0
BRDA:91,4,0,0
BRDA:91,4,1,0
BRDA:93,5,0,0
BRDA:93,5,1,0
BRDA:111,6,0,0
BRDA:112,7,0,0
BRDA:113,8,0,0
BRDA:132,9,0,0
BRDA:132,9,1,0
BRDA:132,10,0,0
BRDA:132,10,1,0
BRDA:137,11,0,0
BRDA:137,11,1,0
BRDA:137,11,2,0
BRDA:137,11,3,0
BRDA:140,12,0,0
BRDA:140,12,1,0
BRDA:140,13,0,0
BRDA:140,13,1,0
BRDA:141,14,0,0
BRDA:141,14,1,0
BRDA:144,15,0,0
BRDA:144,15,1,0
BRDA:152,16,0,0
BRDA:152,16,1,0
BRDA:167,17,0,0
BRDA:167,17,1,0
BRDA:167,18,0,0
BRDA:167,18,1,0
BRDA:171,19,0,0
BRDA:171,19,1,0
BRDA:180,20,0,0
BRDA:180,20,1,0
BRDA:183,21,0,0
BRDA:183,21,1,0
BRDA:183,21,2,0
BRDA:183,21,3,0
BRDA:185,22,0,0
BRDA:185,22,1,0
BRDA:185,22,2,0
BRDA:192,23,0,0
BRDA:192,23,1,0
BRDA:196,24,0,0
BRDA:195,25,0,0
BRDA:195,25,1,0
BRDA:195,25,2,0
BRDA:200,26,0,0
BRDA:202,27,0,0
BRDA:211,28,0,0
BRDA:211,28,1,0
BRDA:226,29,0,0
BRDA:226,29,1,0
BRDA:230,30,0,0
BRDA:230,30,1,0
BRDA:232,31,0,0
BRDA:232,31,1,0
BRDA:235,32,0,0
BRDA:255,33,0,0
BRDA:257,34,0,0
BRDA:266,35,0,0
BRDA:266,35,1,0
BRDA:274,36,0,0
BRDA:274,36,1,0
BRDA:279,37,0,0
BRDA:279,37,1,0
BRDA:279,37,2,0
BRDA:290,38,0,0
BRDA:289,39,0,0
BRDA:289,39,1,0
BRDA:313,40,0,0
BRDA:313,40,1,0
BRDA:313,41,0,0
BRDA:313,41,1,0
BRDA:318,42,0,0
BRDA:318,42,1,0
BRDA:318,43,0,0
BRDA:318,43,1,0
BRDA:318,43,2,0
BRDA:326,44,0,0
BRDA:326,44,1,0
BRDA:327,45,0,0
BRDA:327,45,1,0
BRDA:331,46,0,0
BRDA:331,46,1,0
BRDA:332,47,0,0
BRDA:332,47,1,0
BRDA:332,47,2,0
BRDA:341,48,0,0
BRDA:341,48,1,0
BRF:97
BRH:0
end_of_record
TN:
SF:components\ui\checkbox.tsx
FN:9,Checkbox
FNF:1
FNH:0
FNDA:0,Checkbox
DA:3,0
DA:4,0
DA:5,0
DA:7,0
DA:32,0
LF:5
LH:0
BRF:0
BRH:0
end_of_record
TN:
SF:components\ui\collapsible.tsx
FN:5,Collapsible
FN:11,CollapsibleTrigger
FN:22,CollapsibleContent
FNF:3
FNH:0
FNDA:0,Collapsible
FNDA:0,CollapsibleTrigger
FNDA:0,CollapsibleContent
DA:3,0
DA:33,0
LF:2
LH:0
BRF:0
BRH:0
end_of_record
TN:
SF:components\ui\coming-soon-text.tsx
FN:6,ComingSoonText
FN:17,(anonymous_2)
FN:20,(anonymous_3)
FN:21,(anonymous_4)
FN:31,(anonymous_5)
FN:35,(anonymous_6)
FN:51,(anonymous_7)
FN:53,(anonymous_8)
FN:58,(anonymous_9)
FN:60,(anonymous_10)
FN:64,(anonymous_11)
FNF:11
FNH:0
FNDA:0,ComingSoonText
FNDA:0,(anonymous_2)
FNDA:0,(anonymous_3)
FNDA:0,(anonymous_4)
FNDA:0,(anonymous_5)
FNDA:0,(anonymous_6)
FNDA:0,(anonymous_7)
FNDA:0,(anonymous_8)
FNDA:0,(anonymous_9)
FNDA:0,(anonymous_10)
FNDA:0,(anonymous_11)
DA:3,0
DA:4,0
DA:6,0
DA:7,0
DA:8,0
DA:9,0
DA:10,0
DA:11,0
DA:12,0
DA:14,0
DA:15,0
DA:17,0
DA:19,0
DA:20,0
DA:21,0
DA:22,0
DA:23,0
DA:24,0
DA:26,0
DA:27,0
DA:28,0
DA:31,0
DA:32,0
DA:33,0
DA:34,0
DA:35,0
DA:36,0
DA:37,0
DA:38,0
DA:40,0
DA:41,0
DA:42,0
DA:51,0
DA:52,0
DA:53,0
DA:58,0
DA:59,0
DA:60,0
DA:64,0
DA:65,0
DA:66,0
DA:67,0
LF:42
LH:0
BRDA:22,0,0,0
BRDA:22,0,1,0
BRDA:36,1,0,0
BRDA:36,1,1,0
BRDA:52,2,0,0
BRDA:52,2,1,0
BRDA:59,3,0,0
BRDA:59,3,1,0
BRDA:80,4,0,0
BRDA:83,5,0,0
BRDA:83,5,1,0
BRDA:99,6,0,0
BRDA:102,7,0,0
BRDA:102,7,1,0
BRF:14
BRH:0
end_of_record
TN:
SF:components\ui\command.tsx
FN:16,Command
FN:32,CommandDialog
FN:63,CommandInput
FN:85,CommandList
FN:101,CommandEmpty
FN:113,CommandGroup
FN:129,CommandSeparator
FN:142,CommandItem
FN:158,CommandShortcut
FNF:9
FNH:0
FNDA:0,Command
FNDA:0,CommandDialog
FNDA:0,CommandInput
FNDA:0,CommandList
FNDA:0,CommandEmpty
FNDA:0,CommandGroup
FNDA:0,CommandSeparator
FNDA:0,CommandItem
FNDA:0,CommandShortcut
DA:3,0
DA:4,0
DA:5,0
DA:7,0
DA:14,0
DA:175,0
DA:176,0
DA:177,0
DA:178,0
DA:179,0
DA:180,0
DA:181,0
DA:182,0
DA:183,0
LF:14
LH:0
BRDA:33,0,0,0
BRDA:34,1,0,0
BRDA:37,2,0,0
BRF:3
BRH:0
end_of_record
TN:
SF:components\ui\context-menu.tsx
FN:9,ContextMenu
FN:15,ContextMenuTrigger
FN:23,ContextMenuGroup
FN:31,ContextMenuPortal
FN:39,ContextMenuSub
FN:45,ContextMenuRadioGroup
FN:56,ContextMenuSubTrigger
FN:80,ContextMenuSubContent
FN:96,ContextMenuContent
FN:114,ContextMenuItem
FN:137,ContextMenuCheckboxItem
FN:163,ContextMenuRadioItem
FN:187,ContextMenuLabel
FN:207,ContextMenuSeparator
FN:220,ContextMenuShortcut
FNF:15
FNH:0
FNDA:0,ContextMenu
FNDA:0,ContextMenuTrigger
FNDA:0,ContextMenuGroup
FNDA:0,ContextMenuPortal
FNDA:0,ContextMenuSub
FNDA:0,ContextMenuRadioGroup
FNDA:0,ContextMenuSubTrigger
FNDA:0,ContextMenuSubContent
FNDA:0,ContextMenuContent
FNDA:0,ContextMenuItem
FNDA:0,ContextMenuCheckboxItem
FNDA:0,ContextMenuRadioItem
FNDA:0,ContextMenuLabel
FNDA:0,ContextMenuSeparator
FNDA:0,ContextMenuShortcut
DA:3,0
DA:4,0
DA:5,0
DA:7,0
DA:237,0
DA:238,0
DA:239,0
DA:240,0
DA:241,0
DA:242,0
DA:243,0
DA:244,0
DA:245,0
DA:246,0
DA:247,0
DA:248,0
DA:249,0
DA:250,0
DA:251,0
LF:19
LH:0
BRDA:117,0,0,0
BRF:1
BRH:0
end_of_record
TN:
SF:components\ui\cta-button.tsx
FN:6,(anonymous_2)
FNF:1
FNH:0
FNDA:0,(anonymous_2)
DA:3,0
DA:4,0
DA:6,0
DA:14,0
LF:4
LH:0
BRF:0
BRH:0
end_of_record
TN:
SF:components\ui\dialog.tsx
FN:9,Dialog
FN:15,DialogTrigger
FN:21,DialogPortal
FN:27,DialogClose
FN:33,DialogOverlay
FN:49,DialogContent
FN:83,DialogHeader
FN:93,DialogFooter
FN:106,DialogTitle
FN:119,DialogDescription
FNF:10
FNH:0
FNDA:0,Dialog
FNDA:0,DialogTrigger
FNDA:0,DialogPortal
FNDA:0,DialogClose
FNDA:0,DialogOverlay
FNDA:0,DialogContent
FNDA:0,DialogHeader
FNDA:0,DialogFooter
FNDA:0,DialogTitle
FNDA:0,DialogDescription
DA:3,0
DA:4,0
DA:5,0
DA:7,0
DA:133,0
DA:134,0
DA:135,0
DA:136,0
DA:137,0
DA:138,0
DA:139,0
DA:140,0
DA:141,0
DA:142,0
LF:14
LH:0
BRDA:52,0,0,0
BRDA:69,1,0,0
BRF:2
BRH:0
end_of_record
TN:
SF:components\ui\drawer.tsx
FN:8,Drawer
FN:14,DrawerTrigger
FN:20,DrawerPortal
FN:26,DrawerClose
FN:32,DrawerOverlay
FN:48,DrawerContent
FN:75,DrawerHeader
FN:88,DrawerFooter
FN:98,DrawerTitle
FN:111,DrawerDescription
FNF:10
FNH:0
FNDA:0,Drawer
FNDA:0,DrawerTrigger
FNDA:0,DrawerPortal
FNDA:0,DrawerClose
FNDA:0,DrawerOverlay
FNDA:0,DrawerContent
FNDA:0,DrawerHeader
FNDA:0,DrawerFooter
FNDA:0,DrawerTitle
FNDA:0,DrawerDescription
DA:3,0
DA:4,0
DA:6,0
DA:125,0
DA:126,0
DA:127,0
DA:128,0
DA:129,0
DA:130,0
DA:131,0
DA:132,0
DA:133,0
DA:134,0
LF:13
LH:0
BRF:0
BRH:0
end_of_record
TN:
SF:components\ui\dropdown-menu.tsx
FN:9,DropdownMenu
FN:15,DropdownMenuPortal
FN:23,DropdownMenuTrigger
FN:34,DropdownMenuContent
FN:54,DropdownMenuGroup
FN:62,DropdownMenuItem
FN:85,DropdownMenuCheckboxItem
FN:111,DropdownMenuRadioGroup
FN:122,DropdownMenuRadioItem
FN:146,DropdownMenuLabel
FN:166,DropdownMenuSeparator
FN:179,DropdownMenuShortcut
FN:195,DropdownMenuSub
FN:201,DropdownMenuSubTrigger
FN:225,DropdownMenuSubContent
FNF:15
FNH:0
FNDA:0,DropdownMenu
FNDA:0,DropdownMenuPortal
FNDA:0,DropdownMenuTrigger
FNDA:0,DropdownMenuContent
FNDA:0,DropdownMenuGroup
FNDA:0,DropdownMenuItem
FNDA:0,DropdownMenuCheckboxItem
FNDA:0,DropdownMenuRadioGroup
FNDA:0,DropdownMenuRadioItem
FNDA:0,DropdownMenuLabel
FNDA:0,DropdownMenuSeparator
FNDA:0,DropdownMenuShortcut
FNDA:0,DropdownMenuSub
FNDA:0,DropdownMenuSubTrigger
FNDA:0,DropdownMenuSubContent
DA:3,0
DA:4,0
DA:5,0
DA:7,0
DA:242,0
DA:243,0
DA:244,0
DA:245,0
DA:246,0
DA:247,0
DA:248,0
DA:249,0
DA:250,0
DA:251,0
DA:252,0
DA:253,0
DA:254,0
DA:255,0
DA:256,0
LF:19
LH:0
BRDA:36,0,0,0
BRDA:65,1,0,0
BRF:2
BRH:0
end_of_record
TN:
SF:components\ui\error-boundary.tsx
FN:20,(anonymous_6)
FN:34,(anonymous_7)
FN:38,(anonymous_8)
FN:25,(anonymous_9)
FN:29,(anonymous_10)
FN:42,(anonymous_11)
FN:102,useErrorHandler
FN:103,(anonymous_13)
FNF:8
FNH:0
FNDA:0,(anonymous_6)
FNDA:0,(anonymous_7)
FNDA:0,(anonymous_8)
FNDA:0,(anonymous_9)
FNDA:0,(anonymous_10)
FNDA:0,(anonymous_11)
FNDA:0,useErrorHandler
FNDA:0,(anonymous_13)
DA:3,0
DA:4,0
DA:5,0
DA:6,0
DA:19,0
DA:21,0
DA:22,0
DA:26,0
DA:30,0
DA:31,0
DA:35,0
DA:39,0
DA:43,0
DA:44,0
DA:45,0
DA:97,0
DA:102,0
DA:103,0
DA:104,0
DA:107,0
LF:20
LH:0
BRDA:43,0,0,0
BRDA:43,0,1,0
BRDA:44,1,0,0
BRDA:44,1,1,0
BRDA:81,2,0,0
BRDA:81,2,1,0
BRF:6
BRH:0
end_of_record
TN:
SF:components\ui\faqs-timeline.tsx
FN:81,FaqsTimeline
FN:84,(anonymous_2)
FN:118,(anonymous_3)
FNF:3
FNH:0
FNDA:0,FaqsTimeline
FNDA:0,(anonymous_2)
FNDA:0,(anonymous_3)
DA:7,0
DA:8,0
DA:9,0
DA:10,0
DA:17,0
DA:81,0
DA:82,0
DA:83,0
DA:84,0
DA:119,0
LF:10
LH:0
BRF:0
BRH:0
end_of_record
TN:
SF:components\ui\form.tsx
FN:32,(anonymous_12)
FN:45,(anonymous_13)
FN:76,FormItem
FN:90,FormLabel
FN:107,FormControl
FN:126,FormDescription
FN:139,FormMessage
FNF:7
FNH:0
FNDA:0,(anonymous_12)
FNDA:0,(anonymous_13)
FNDA:0,FormItem
FNDA:0,FormLabel
FNDA:0,FormControl
FNDA:0,FormDescription
FNDA:0,FormMessage
DA:3,0
DA:5,0
DA:14,0
DA:16,0
DA:17,0
DA:19,0
DA:28,0
DA:32,0
DA:45,0
DA:46,0
DA:47,0
DA:48,0
DA:49,0
DA:50,0
DA:52,0
DA:53,0
DA:56,0
DA:58,0
DA:72,0
DA:77,0
DA:94,0
DA:109,0
DA:127,0
DA:140,0
DA:141,0
DA:143,0
DA:144,0
DA:160,0
DA:161,0
DA:162,0
DA:163,0
DA:164,0
DA:165,0
DA:166,0
DA:167,0
LF:35
LH:0
BRDA:52,0,0,0
BRDA:52,0,1,0
BRDA:116,1,0,0
BRDA:116,1,1,0
BRDA:141,2,0,0
BRDA:141,2,1,0
BRDA:141,3,0,0
BRDA:141,3,1,0
BRDA:143,4,0,0
BRDA:143,4,1,0
BRF:10
BRH:0
end_of_record
TN:
SF:components\ui\hover-card.tsx
FN:8,HoverCard
FN:14,HoverCardTrigger
FN:22,HoverCardContent
FNF:3
FNH:0
FNDA:0,HoverCard
FNDA:0,HoverCardTrigger
FNDA:0,HoverCardContent
DA:3,0
DA:4,0
DA:6,0
DA:44,0
LF:4
LH:0
BRDA:24,0,0,0
BRDA:25,1,0,0
BRF:2
BRH:0
end_of_record
TN:
SF:components\ui\input-otp.tsx
FN:9,InputOTP
FN:29,InputOTPGroup
FN:39,InputOTPSlot
FN:69,InputOTPSeparator
FNF:4
FNH:0
FNDA:0,InputOTP
FNDA:0,InputOTPGroup
FNDA:0,InputOTPSlot
FNDA:0,InputOTPSeparator
DA:3,0
DA:4,0
DA:5,0
DA:7,0
DA:46,0
DA:47,0
DA:77,0
LF:7
LH:0
BRDA:47,0,0,0
BRDA:47,0,1,0
BRDA:60,1,0,0
BRF:3
BRH:0
end_of_record
TN:
SF:components\ui\input.tsx
FN:5,Input
FNF:1
FNH:0
FNDA:0,Input
DA:1,0
DA:3,0
DA:21,0
LF:3
LH:0
BRF:0
BRH:0
end_of_record
TN:
SF:components\ui\label.tsx
FN:8,Label
FNF:1
FNH:0
FNDA:0,Label
DA:3,0
DA:4,0
DA:6,0
DA:24,0
LF:4
LH:0
BRF:0
BRH:0
end_of_record
TN:
SF:components\ui\loading-spinner.tsx
FN:11,LoadingSpinner
FN:37,PageLoadingSpinner
FN:48,ButtonLoadingSpinner
FNF:3
FNH:0
FNDA:0,LoadingSpinner
FNDA:0,PageLoadingSpinner
FNDA:0,ButtonLoadingSpinner
DA:3,0
DA:11,0
DA:16,0
DA:37,0
DA:48,0
LF:5
LH:0
BRDA:12,0,0,0
BRDA:31,1,0,0
BRF:2
BRH:0
end_of_record
TN:
SF:components\ui\menubar.tsx
FN:9,Menubar
FN:25,MenubarMenu
FN:31,MenubarGroup
FN:37,MenubarPortal
FN:43,MenubarRadioGroup
FN:51,MenubarTrigger
FN:67,MenubarContent
FN:91,MenubarItem
FN:114,MenubarCheckboxItem
FN:140,MenubarRadioItem
FN:164,MenubarLabel
FN:184,MenubarSeparator
FN:197,MenubarShortcut
FN:213,MenubarSub
FN:219,MenubarSubTrigger
FN:243,MenubarSubContent
FNF:16
FNH:0
FNDA:0,Menubar
FNDA:0,MenubarMenu
FNDA:0,MenubarGroup
FNDA:0,MenubarPortal
FNDA:0,MenubarRadioGroup
FNDA:0,MenubarTrigger
FNDA:0,MenubarContent
FNDA:0,MenubarItem
FNDA:0,MenubarCheckboxItem
FNDA:0,MenubarRadioItem
FNDA:0,MenubarLabel
FNDA:0,MenubarSeparator
FNDA:0,MenubarShortcut
FNDA:0,MenubarSub
FNDA:0,MenubarSubTrigger
FNDA:0,MenubarSubContent
DA:3,0
DA:4,0
DA:5,0
DA:7,0
DA:260,0
DA:261,0
DA:262,0
DA:263,0
DA:264,0
DA:265,0
DA:266,0
DA:267,0
DA:268,0
DA:269,0
DA:270,0
DA:271,0
DA:272,0
DA:273,0
DA:274,0
DA:275,0
LF:20
LH:0
BRDA:69,0,0,0
BRDA:70,1,0,0
BRDA:71,2,0,0
BRDA:94,3,0,0
BRF:4
BRH:0
end_of_record
TN:
SF:components\ui\navigation-menu.tsx
FN:8,NavigationMenu
FN:32,NavigationMenuList
FN:48,NavigationMenuItem
FN:65,NavigationMenuTrigger
FN:85,NavigationMenuContent
FN:102,NavigationMenuViewport
FN:124,NavigationMenuLink
FN:140,NavigationMenuIndicator
FNF:8
FNH:0
FNDA:0,NavigationMenu
FNDA:0,NavigationMenuList
FNDA:0,NavigationMenuItem
FNDA:0,NavigationMenuTrigger
FNDA:0,NavigationMenuContent
FNDA:0,NavigationMenuViewport
FNDA:0,NavigationMenuLink
FNDA:0,NavigationMenuIndicator
DA:1,0
DA:2,0
DA:3,0
DA:4,0
DA:6,0
DA:61,0
DA:159,0
DA:160,0
DA:161,0
DA:162,0
DA:163,0
DA:164,0
DA:165,0
DA:166,0
DA:167,0
LF:15
LH:0
BRDA:11,0,0,0
BRDA:27,1,0,0
BRDA:27,1,1,0
BRF:3
BRH:0
end_of_record
TN:
SF:components\ui\pagination.tsx
FN:11,Pagination
FN:23,PaginationContent
FN:36,PaginationItem
FN:45,PaginationLink
FN:68,PaginationPrevious
FN:85,PaginationNext
FN:102,PaginationEllipsis
FNF:7
FNH:0
FNDA:0,Pagination
FNDA:0,PaginationContent
FNDA:0,PaginationItem
FNDA:0,PaginationLink
FNDA:0,PaginationPrevious
FNDA:0,PaginationNext
FNDA:0,PaginationEllipsis
DA:1,0
DA:6,0
DA:8,0
DA:9,0
DA:120,0
DA:121,0
DA:122,0
DA:123,0
DA:124,0
DA:125,0
DA:126,0
LF:11
LH:0
BRDA:48,0,0,0
BRDA:53,1,0,0
BRDA:53,1,1,0
BRDA:58,2,0,0
BRDA:58,2,1,0
BRF:5
BRH:0
end_of_record
TN:
SF:components\ui\popover.tsx
FN:8,Popover
FN:14,PopoverTrigger
FN:20,PopoverContent
FN:42,PopoverAnchor
FNF:4
FNH:0
FNDA:0,Popover
FNDA:0,PopoverTrigger
FNDA:0,PopoverContent
FNDA:0,PopoverAnchor
DA:3,0
DA:4,0
DA:6,0
DA:48,0
LF:4
LH:0
BRDA:22,0,0,0
BRDA:23,1,0,0
BRF:2
BRH:0
end_of_record
TN:
SF:components\ui\progress.tsx
FN:8,Progress
FNF:1
FNH:0
FNDA:0,Progress
DA:3,0
DA:4,0
DA:6,0
DA:31,0
LF:4
LH:0
BRDA:25,0,0,0
BRDA:25,0,1,0
BRF:2
BRH:0
end_of_record
TN:
SF:components\ui\radio-group.tsx
FN:9,RadioGroup
FN:22,RadioGroupItem
FNF:2
FNH:0
FNDA:0,RadioGroup
FNDA:0,RadioGroupItem
DA:3,0
DA:4,0
DA:5,0
DA:7,0
DA:45,0
LF:5
LH:0
BRF:0
BRH:0
end_of_record
TN:
SF:components\ui\resizable.tsx
FN:9,ResizablePanelGroup
FN:25,ResizablePanel
FN:31,ResizableHandle
FNF:3
FNH:0
FNDA:0,ResizablePanelGroup
FNDA:0,ResizablePanel
FNDA:0,ResizableHandle
DA:3,0
DA:4,0
DA:5,0
DA:7,0
DA:56,0
LF:5
LH:0
BRDA:47,0,0,0
BRF:1
BRH:0
end_of_record
TN:
SF:components\ui\scroll-area.tsx
FN:8,ScrollArea
FN:31,ScrollBar
FNF:2
FNH:0
FNDA:0,ScrollArea
FNDA:0,ScrollBar
DA:3,0
DA:4,0
DA:6,0
DA:58,0
LF:4
LH:0
BRDA:33,0,0,0
BRDA:42,1,0,0
BRDA:42,1,1,0
BRDA:44,2,0,0
BRDA:44,2,1,0
BRF:5
BRH:0
end_of_record
TN:
SF:components\ui\select.tsx
FN:9,Select
FN:15,SelectGroup
FN:21,SelectValue
FN:27,SelectTrigger
FN:53,SelectContent
FN:88,SelectLabel
FN:101,SelectItem
FN:125,SelectSeparator
FN:138,SelectScrollUpButton
FN:156,SelectScrollDownButton
FNF:10
FNH:0
FNDA:0,Select
FNDA:0,SelectGroup
FNDA:0,SelectValue
FNDA:0,SelectTrigger
FNDA:0,SelectContent
FNDA:0,SelectLabel
FNDA:0,SelectItem
FNDA:0,SelectSeparator
FNDA:0,SelectScrollUpButton
FNDA:0,SelectScrollDownButton
DA:3,0
DA:4,0
DA:5,0
DA:7,0
DA:175,0
DA:176,0
DA:177,0
DA:178,0
DA:179,0
DA:180,0
DA:181,0
DA:182,0
DA:183,0
DA:184,0
LF:14
LH:0
BRDA:29,0,0,0
BRDA:56,1,0,0
BRDA:65,2,0,0
BRDA:65,2,1,0
BRDA:76,3,0,0
BRDA:76,3,1,0
BRF:6
BRH:0
end_of_record
TN:
SF:components\ui\separator.tsx
FN:8,Separator
FNF:1
FNH:0
FNDA:0,Separator
DA:3,0
DA:4,0
DA:6,0
DA:28,0
LF:4
LH:0
BRDA:10,0,0,0
BRDA:11,1,0,0
BRF:2
BRH:0
end_of_record
TN:
SF:components\ui\sheet.tsx
FNF:0
FNH:0
DA:3,0
DA:4,0
DA:5,0
DA:6,0
DA:7,0
DA:9,0
DA:10,0
DA:12,0
DA:13,0
DA:14,0
DA:15,0
DA:30,0
DA:32,0
DA:74,0
DA:77,0
DA:78,0
DA:79,0
DA:80,0
DA:81,0
DA:82,0
DA:83,0
DA:84,0
LF:22
LH:0
BRDA:58,0,0,0
BRF:1
BRH:0
end_of_record
TN:
SF:components\ui\sidebar.tsx
FN:46,useSidebar
FN:55,SidebarProvider
FN:76,(anonymous_30)
FN:91,(anonymous_31)
FN:92,(anonymous_32)
FN:92,(anonymous_33)
FN:96,(anonymous_34)
FN:97,(anonymous_35)
FN:108,(anonymous_36)
FN:116,(anonymous_37)
FN:153,Sidebar
FN:255,SidebarTrigger
FN:269,(anonymous_40)
FN:281,SidebarRail
FN:306,SidebarInset
FN:320,SidebarInput
FN:334,SidebarHeader
FN:345,SidebarFooter
FN:356,SidebarSeparator
FN:370,SidebarContent
FN:384,SidebarGroup
FN:395,SidebarGroupLabel
FN:416,SidebarGroupAction
FN:439,SidebarGroupContent
FN:453,SidebarMenu
FN:464,SidebarMenuItem
FN:497,SidebarMenuButton
FN:547,SidebarMenuAction
FN:579,SidebarMenuBadge
FN:601,SidebarMenuSkeleton
FN:609,(anonymous_58)
FN:634,SidebarMenuSub
FN:649,SidebarMenuSubItem
FN:663,SidebarMenuSubButton
FNF:34
FNH:0
FNDA:0,useSidebar
FNDA:0,SidebarProvider
FNDA:0,(anonymous_30)
FNDA:0,(anonymous_31)
FNDA:0,(anonymous_32)
FNDA:0,(anonymous_33)
FNDA:0,(anonymous_34)
FNDA:0,(anonymous_35)
FNDA:0,(anonymous_36)
FNDA:0,(anonymous_37)
FNDA:0,Sidebar
FNDA:0,SidebarTrigger
FNDA:0,(anonymous_40)
FNDA:0,SidebarRail
FNDA:0,SidebarInset
FNDA:0,SidebarInput
FNDA:0,SidebarHeader
FNDA:0,SidebarFooter
FNDA:0,SidebarSeparator
FNDA:0,SidebarContent
FNDA:0,SidebarGroup
FNDA:0,SidebarGroupLabel
FNDA:0,SidebarGroupAction
FNDA:0,SidebarGroupContent
FNDA:0,SidebarMenu
FNDA:0,SidebarMenuItem
FNDA:0,SidebarMenuButton
FNDA:0,SidebarMenuAction
FNDA:0,SidebarMenuBadge
FNDA:0,SidebarMenuSkeleton
FNDA:0,(anonymous_58)
FNDA:0,SidebarMenuSub
FNDA:0,SidebarMenuSubItem
FNDA:0,SidebarMenuSubButton
DA:3,0
DA:4,0
DA:5,0
DA:6,0
DA:8,0
DA:9,0
DA:10,0
DA:11,0
DA:12,0
DA:18,0
DA:19,0
DA:25,0
DA:27,0
DA:28,0
DA:29,0
DA:30,0
DA:31,0
DA:32,0
DA:44,0
DA:47,0
DA:48,0
DA:49,0
DA:52,0
DA:68,0
DA:69,0
DA:73,0
DA:74,0
DA:75,0
DA:77,0
DA:78,0
DA:79,0
DA:81,0
DA:85,0
DA:91,0
DA:92,0
DA:96,0
DA:97,0
DA:98,0
DA:102,0
DA:103,0
DA:107,0
DA:108,0
DA:113,0
DA:115,0
DA:116,0
DA:165,0
DA:167,0
DA:182,0
DA:260,0
DA:270,0
DA:271,0
DA:282,0
DA:400,0
DA:421,0
DA:475,0
DA:510,0
DA:511,0
DA:524,0
DA:525,0
DA:528,0
DA:529,0
DA:556,0
DA:609,0
DA:610,0
DA:674,0
DA:696,0
DA:697,0
DA:698,0
DA:699,0
DA:700,0
DA:701,0
DA:702,0
DA:703,0
DA:704,0
DA:705,0
DA:706,0
DA:707,0
DA:708,0
DA:709,0
DA:710,0
DA:711,0
DA:712,0
DA:713,0
DA:714,0
DA:715,0
DA:716,0
DA:717,0
DA:718,0
DA:719,0
LF:89
LH:0
BRDA:48,0,0,0
BRDA:48,0,1,0
BRDA:56,1,0,0
BRDA:74,2,0,0
BRDA:74,2,1,0
BRDA:77,3,0,0
BRDA:77,3,1,0
BRDA:78,4,0,0
BRDA:78,4,1,0
BRDA:92,5,0,0
BRDA:92,5,1,0
BRDA:98,6,0,0
BRDA:98,6,1,0
BRDA:99,7,0,0
BRDA:99,7,1,0
BRDA:99,7,2,0
BRDA:113,8,0,0
BRDA:113,8,1,0
BRDA:154,9,0,0
BRDA:155,10,0,0
BRDA:156,11,0,0
BRDA:167,12,0,0
BRDA:167,12,1,0
BRDA:182,13,0,0
BRDA:182,13,1,0
BRDA:211,14,0,0
BRDA:211,14,1,0
BRDA:223,15,0,0
BRDA:223,15,1,0
BRDA:223,16,0,0
BRDA:223,16,1,0
BRDA:232,17,0,0
BRDA:232,17,1,0
BRDA:236,18,0,0
BRDA:236,18,1,0
BRDA:236,19,0,0
BRDA:236,19,1,0
BRDA:397,20,0,0
BRDA:400,21,0,0
BRDA:400,21,1,0
BRDA:418,22,0,0
BRDA:421,23,0,0
BRDA:421,23,1,0
BRDA:498,24,0,0
BRDA:499,25,0,0
BRDA:500,26,0,0
BRDA:501,27,0,0
BRDA:510,28,0,0
BRDA:510,28,1,0
BRDA:524,29,0,0
BRDA:524,29,1,0
BRDA:528,30,0,0
BRDA:528,30,1,0
BRDA:540,31,0,0
BRDA:540,31,1,0
BRDA:549,32,0,0
BRDA:550,33,0,0
BRDA:556,34,0,0
BRDA:556,34,1,0
BRDA:570,35,0,0
BRDA:570,35,1,0
BRDA:603,36,0,0
BRDA:620,37,0,0
BRDA:664,38,0,0
BRDA:665,39,0,0
BRDA:666,40,0,0
BRDA:674,41,0,0
BRDA:674,41,1,0
BRDA:685,42,0,0
BRDA:685,42,1,0
BRDA:686,43,0,0
BRDA:686,43,1,0
BRF:72
BRH:0
end_of_record
TN:
SF:components\ui\skeleton.tsx
FN:9,Skeleton
FN:20,CardSkeleton
FN:32,FormSkeleton
FN:52,TableSkeleton
FN:56,(anonymous_9)
FNF:5
FNH:0
FNDA:0,Skeleton
FNDA:0,CardSkeleton
FNDA:0,FormSkeleton
FNDA:0,TableSkeleton
FNDA:0,(anonymous_9)
DA:3,0
DA:9,0
DA:20,0
DA:32,0
DA:52,0
DA:57,0
LF:6
LH:0
BRDA:52,0,0,0
BRF:1
BRH:0
end_of_record
TN:
SF:components\ui\slider.tsx
FN:8,Slider
FN:17,(anonymous_5)
FN:52,(anonymous_6)
FNF:3
FNH:0
FNDA:0,Slider
FNDA:0,(anonymous_5)
FNDA:0,(anonymous_6)
DA:3,0
DA:4,0
DA:6,0
DA:16,0
DA:18,0
DA:53,0
DA:63,0
LF:7
LH:0
BRDA:12,0,0,0
BRDA:13,1,0,0
BRDA:18,2,0,0
BRDA:18,2,1,0
BRDA:20,3,0,0
BRDA:20,3,1,0
BRF:6
BRH:0
end_of_record
TN:
SF:components\ui\sonner.tsx
FN:6,(anonymous_1)
FNF:1
FNH:0
FNDA:0,(anonymous_1)
DA:3,0
DA:4,0
DA:6,0
DA:7,0
DA:25,0
LF:5
LH:0
BRDA:7,0,0,0
BRF:1
BRH:0
end_of_record
TN:
SF:components\ui\switch.tsx
FN:8,Switch
FNF:1
FNH:0
FNDA:0,Switch
DA:3,0
DA:4,0
DA:6,0
DA:31,0
LF:4
LH:0
BRF:0
BRH:0
end_of_record
TN:
SF:components\ui\table.tsx
FN:7,Table
FN:22,TableHeader
FN:32,TableBody
FN:42,TableFooter
FN:55,TableRow
FN:68,TableHead
FN:81,TableCell
FN:94,TableCaption
FNF:8
FNH:0
FNDA:0,Table
FNDA:0,TableHeader
FNDA:0,TableBody
FNDA:0,TableFooter
FNDA:0,TableRow
FNDA:0,TableHead
FNDA:0,TableCell
FNDA:0,TableCaption
DA:3,0
DA:5,0
DA:108,0
DA:109,0
DA:110,0
DA:111,0
DA:112,0
DA:113,0
DA:114,0
DA:115,0
LF:10
LH:0
BRF:0
BRH:0
end_of_record
TN:
SF:components\ui\tabs.tsx
FN:8,Tabs
FN:21,TabsList
FN:37,TabsTrigger
FN:53,TabsContent
FNF:4
FNH:0
FNDA:0,Tabs
FNDA:0,TabsList
FNDA:0,TabsTrigger
FNDA:0,TabsContent
DA:3,0
DA:4,0
DA:6,0
DA:66,0
LF:4
LH:0
BRF:0
BRH:0
end_of_record
TN:
SF:components\ui\text-loop-custom.tsx
FN:4,TextLoopCustomVariantsTransition
FNF:1
FNH:0
FNDA:0,TextLoopCustomVariantsTransition
DA:1,0
DA:2,0
DA:4,0
LF:3
LH:0
BRF:0
BRH:0
end_of_record
TN:
SF:components\ui\textarea.tsx
FN:5,Textarea
FNF:1
FNH:0
FNDA:0,Textarea
DA:1,0
DA:3,0
DA:18,0
LF:3
LH:0
BRF:0
BRH:0
end_of_record
TN:
SF:components\ui\timeline-animation.tsx
FN:15,(anonymous_1)
FN:26,(anonymous_2)
FNF:2
FNH:0
FNDA:0,(anonymous_1)
FNDA:0,(anonymous_2)
DA:1,0
DA:15,0
DA:25,0
DA:26,0
DA:43,0
DA:45,0
DA:49,0
LF:7
LH:0
BRDA:22,0,0,0
BRDA:43,1,0,0
BRDA:43,1,1,0
BRDA:49,2,0,0
BRDA:49,2,1,0
BRDA:54,3,0,0
BRDA:54,3,1,0
BRF:7
BRH:0
end_of_record
TN:
SF:components\ui\toast.tsx
FN:47,(anonymous_12)
FNF:1
FNH:0
FNDA:0,(anonymous_12)
DA:3,0
DA:4,0
DA:5,0
DA:6,0
DA:8,0
DA:10,0
DA:25,0
DA:27,0
DA:43,0
DA:56,0
DA:71,0
DA:89,0
DA:101,0
DA:113,0
DA:122,0
DA:123,0
DA:124,0
DA:125,0
DA:126,0
DA:127,0
DA:128,0
LF:21
LH:0
BRF:0
BRH:0
end_of_record
TN:
SF:components\ui\toaster.tsx
FN:13,Toaster
FN:18,(anonymous_2)
FNF:2
FNH:0
FNDA:0,Toaster
FNDA:0,(anonymous_2)
DA:3,0
DA:11,0
DA:13,0
DA:14,0
DA:19,0
LF:5
LH:0
BRDA:22,0,0,0
BRDA:23,1,0,0
BRF:2
BRH:0
end_of_record
TN:
SF:components\ui\toggle-group.tsx
FN:17,ToggleGroup
FN:43,ToggleGroupItem
FNF:2
FNH:0
FNDA:0,ToggleGroup
FNDA:0,ToggleGroupItem
DA:3,0
DA:4,0
DA:7,0
DA:8,0
DA:10,0
DA:51,0
DA:73,0
LF:7
LH:0
BRDA:56,0,0,0
BRDA:56,0,1,0
BRDA:57,1,0,0
BRDA:57,1,1,0
BRDA:60,2,0,0
BRDA:60,2,1,0
BRDA:61,3,0,0
BRDA:61,3,1,0
BRF:8
BRH:0
end_of_record
TN:
SF:components\ui\toggle.tsx
FN:31,Toggle
FNF:1
FNH:0
FNDA:0,Toggle
DA:3,0
DA:4,0
DA:5,0
DA:7,0
DA:9,0
DA:47,0
LF:6
LH:0
BRF:0
BRH:0
end_of_record
TN:
SF:components\ui\tooltip.tsx
FN:8,TooltipProvider
FN:21,Tooltip
FN:31,TooltipTrigger
FN:37,TooltipContent
FNF:4
FNH:0
FNDA:0,TooltipProvider
FNDA:0,Tooltip
FNDA:0,TooltipTrigger
FNDA:0,TooltipContent
DA:3,0
DA:4,0
DA:6,0
DA:61,0
LF:4
LH:0
BRDA:9,0,0,0
BRDA:39,1,0,0
BRF:2
BRH:0
end_of_record
TN:
SF:components\ui\use-mobile.tsx
FN:5,useIsMobile
FN:10,(anonymous_5)
FN:12,(anonymous_6)
FN:17,(anonymous_7)
FNF:4
FNH:0
FNDA:0,useIsMobile
FNDA:0,(anonymous_5)
FNDA:0,(anonymous_6)
FNDA:0,(anonymous_7)
DA:1,0
DA:3,0
DA:5,0
DA:6,0
DA:10,0
DA:11,0
DA:12,0
DA:13,0
DA:15,0
DA:16,0
DA:17,0
DA:20,0
LF:12
LH:0
BRF:0
BRH:0
end_of_record
TN:
SF:components\ui\use-toast.ts
FN:27,genId
FN:58,(anonymous_8)
FN:63,(anonymous_9)
FN:74,(anonymous_10)
FN:85,(anonymous_11)
FN:98,(anonymous_12)
FN:105,(anonymous_13)
FN:124,(anonymous_14)
FN:133,dispatch
FN:135,(anonymous_16)
FN:142,toast
FN:145,(anonymous_18)
FN:150,(anonymous_19)
FN:158,(anonymous_20)
FN:171,useToast
FN:174,(anonymous_22)
FN:176,(anonymous_23)
FN:187,(anonymous_24)
FNF:18
FNH:0
FNDA:0,genId
FNDA:0,(anonymous_8)
FNDA:0,(anonymous_9)
FNDA:0,(anonymous_10)
FNDA:0,(anonymous_11)
FNDA:0,(anonymous_12)
FNDA:0,(anonymous_13)
FNDA:0,(anonymous_14)
FNDA:0,dispatch
FNDA:0,(anonymous_16)
FNDA:0,toast
FNDA:0,(anonymous_18)
FNDA:0,(anonymous_19)
FNDA:0,(anonymous_20)
FNDA:0,useToast
FNDA:0,(anonymous_22)
FNDA:0,(anonymous_23)
FNDA:0,(anonymous_24)
DA:4,0
DA:8,0
DA:9,0
DA:18,0
DA:25,0
DA:28,0
DA:29,0
DA:56,0
DA:58,0
DA:59,0
DA:60,0
DA:63,0
DA:64,0
DA:65,0
DA:71,0
DA:74,0
DA:75,0
DA:77,0
DA:83,0
DA:86,0
DA:91,0
DA:95,0
DA:96,0
DA:98,0
DA:99,0
DA:103,0
DA:106,0
DA:116,0
DA:117,0
DA:122,0
DA:124,0
DA:129,0
DA:131,0
DA:134,0
DA:135,0
DA:136,0
DA:143,0
DA:145,0
DA:146,0
DA:150,0
DA:152,0
DA:159,0
DA:164,0
DA:172,0
DA:174,0
DA:175,0
DA:176,0
DA:177,0
DA:178,0
DA:179,0
DA:184,0
DA:187,0
DA:191,0
LF:53
LH:0
BRDA:59,0,0,0
BRDA:59,0,1,0
BRDA:75,1,0,0
BRDA:75,1,1,0
BRDA:75,1,2,0
BRDA:75,1,3,0
BRDA:86,2,0,0
BRDA:86,2,1,0
BRDA:95,3,0,0
BRDA:95,3,1,0
BRDA:106,4,0,0
BRDA:106,4,1,0
BRDA:106,5,0,0
BRDA:106,5,1,0
BRDA:116,6,0,0
BRDA:116,6,1,0
BRDA:159,7,0,0
BRDA:159,7,1,0
BRDA:178,8,0,0
BRDA:178,8,1,0
BRF:20
BRH:0
end_of_record
TN:
SF:components\ui\waitlist-form.tsx
FN:24,WaitlistForm
FN:39,(anonymous_2)
FN:55,(anonymous_3)
FN:150,(anonymous_4)
FN:180,(anonymous_5)
FN:236,(anonymous_6)
FN:336,(anonymous_7)
FN:360,(anonymous_8)
FNF:8
FNH:0
FNDA:0,WaitlistForm
FNDA:0,(anonymous_2)
FNDA:0,(anonymous_3)
FNDA:0,(anonymous_4)
FNDA:0,(anonymous_5)
FNDA:0,(anonymous_6)
FNDA:0,(anonymous_7)
FNDA:0,(anonymous_8)
DA:2,0
DA:3,0
DA:4,0
DA:5,0
DA:6,0
DA:16,0
DA:17,0
DA:18,0
DA:24,0
DA:25,0
DA:26,0
DA:27,0
DA:34,0
DA:38,0
DA:39,0
DA:55,0
DA:56,0
DA:57,0
DA:59,0
DA:60,0
DA:61,0
DA:62,0
DA:64,0
DA:65,0
DA:71,0
DA:151,0
DA:181,0
DA:237,0
DA:337,0
DA:361,0
LF:30
LH:0
BRDA:66,0,0,0
BRDA:66,0,1,0
BRDA:101,1,0,0
BRDA:126,2,0,0
BRDA:156,3,0,0
BRDA:186,4,0,0
BRDA:389,5,0,0
BRDA:418,6,0,0
BRF:8
BRH:0
end_of_record
TN:
SF:components\ui\waitlist-modal.tsx
FN:16,WaitlistModal
FN:24,(anonymous_2)
FN:25,(anonymous_3)
FN:36,(anonymous_4)
FN:109,(anonymous_5)
FN:127,(anonymous_6)
FNF:6
FNH:0
FNDA:0,WaitlistModal
FNDA:0,(anonymous_2)
FNDA:0,(anonymous_3)
FNDA:0,(anonymous_4)
FNDA:0,(anonymous_5)
FNDA:0,(anonymous_6)
DA:2,0
DA:3,0
DA:4,0
DA:5,0
DA:6,0
DA:16,0
DA:24,0
DA:25,0
DA:26,0
DA:27,0
DA:31,0
DA:32,0
DA:33,0
DA:36,0
DA:37,0
DA:38,0
DA:109,0
DA:110,0
DA:111,0
DA:112,0
DA:113,0
DA:125,0
DA:127,0
DA:128,0
DA:135,0
DA:136,0
DA:139,0
LF:27
LH:0
BRDA:26,0,0,0
BRDA:26,0,1,0
BRDA:31,1,0,0
BRDA:31,1,1,0
BRDA:44,2,0,0
BRDA:86,3,0,0
BRDA:110,4,0,0
BRDA:110,4,1,0
BRDA:111,5,0,0
BRDA:111,5,1,0
BRDA:135,6,0,0
BRDA:135,6,1,0
BRF:12
BRH:0
end_of_record
TN:
SF:components\ui\waitlist-popup.tsx
FN:8,WaitlistPopup
FN:12,(anonymous_2)
FN:17,(anonymous_3)
FN:22,(anonymous_4)
FNF:4
FNH:0
FNDA:0,WaitlistPopup
FNDA:0,(anonymous_2)
FNDA:0,(anonymous_3)
FNDA:0,(anonymous_4)
DA:2,0
DA:3,0
DA:4,0
DA:5,0
DA:6,0
DA:8,0
DA:9,0
DA:10,0
DA:12,0
DA:13,0
DA:14,0
DA:17,0
DA:18,0
DA:19,0
DA:22,0
DA:23,0
LF:16
LH:0
BRDA:37,0,0,0
BRDA:37,0,1,0
BRDA:40,1,0,0
BRF:3
BRH:0
end_of_record
TN:
SF:components\ui\waitlist-success.tsx
FN:18,WaitlistSuccess
FN:22,(anonymous_2)
FN:38,(anonymous_3)
FN:152,(anonymous_4)
FNF:4
FNH:0
FNDA:0,WaitlistSuccess
FNDA:0,(anonymous_2)
FNDA:0,(anonymous_3)
FNDA:0,(anonymous_4)
DA:2,0
DA:3,0
DA:11,0
DA:12,0
DA:18,0
DA:19,0
DA:21,0
DA:22,0
DA:38,0
DA:39,0
DA:45,0
DA:153,0
LF:12
LH:0
BRF:0
BRH:0
end_of_record
TN:
SF:lib\csrf.ts
FN:12,(anonymous_7)
FN:22,(anonymous_8)
FN:27,(anonymous_9)
FN:42,generateCSRFToken
FN:63,verifyCSRFToken
FN:77,getSessionId
FN:93,csrfMiddleware
FN:96,(anonymous_14)
FN:127,addCSRFTokenToResponse
FN:147,getCSRFToken
FNF:10
FNH:0
FNDA:0,(anonymous_7)
FNDA:0,(anonymous_8)
FNDA:0,(anonymous_9)
FNDA:0,generateCSRFToken
FNDA:0,verifyCSRFToken
FNDA:0,getSessionId
FNDA:0,csrfMiddleware
FNDA:0,(anonymous_14)
FNDA:0,addCSRFTokenToResponse
FNDA:0,getCSRFToken
DA:5,0
DA:6,0
DA:9,0
DA:12,0
DA:13,0
DA:14,0
DA:15,0
DA:16,0
DA:22,0
DA:23,0
DA:27,0
DA:28,0
DA:32,0
DA:42,0
DA:43,0
DA:44,0
DA:47,0
DA:53,0
DA:54,0
DA:57,0
DA:63,0
DA:64,0
DA:66,0
DA:67,0
DA:70,0
DA:71,0
DA:77,0
DA:79,0
DA:80,0
DA:81,0
DA:85,0
DA:86,0
DA:87,0
DA:93,0
DA:96,0
DA:98,0
DA:99,0
DA:102,0
DA:103,0
DA:105,0
DA:106,0
DA:120,0
DA:127,0
DA:131,0
DA:133,0
DA:134,0
DA:141,0
DA:147,0
DA:148,0
LF:49
LH:0
BRDA:15,0,0,0
BRDA:15,0,1,0
BRDA:53,1,0,0
BRDA:53,1,1,0
BRDA:66,2,0,0
BRDA:66,2,1,0
BRDA:66,3,0,0
BRDA:66,3,1,0
BRDA:80,4,0,0
BRDA:80,4,1,0
BRDA:86,5,0,0
BRDA:86,5,1,0
BRDA:98,6,0,0
BRDA:98,6,1,0
BRDA:105,7,0,0
BRDA:105,7,1,0
BRDA:105,8,0,0
BRDA:105,8,1,0
BRF:18
BRH:0
end_of_record
TN:
SF:lib\env.ts
FN:35,validateEnv
FN:41,(anonymous_7)
FN:96,(anonymous_8)
FNF:3
FNH:0
FNDA:0,validateEnv
FNDA:0,(anonymous_7)
FNDA:0,(anonymous_8)
DA:6,0
DA:9,0
DA:36,0
DA:37,0
DA:39,0
DA:40,0
DA:41,0
DA:45,0
DA:46,0
DA:52,0
DA:65,0
DA:70,0
DA:75,0
DA:78,0
DA:79,0
DA:91,0
DA:92,0
DA:93,0
DA:96,0
DA:97,0
DA:98,0
DA:100,0
LF:22
LH:0
BRDA:39,0,0,0
BRDA:39,0,1,0
BRDA:45,1,0,0
BRDA:45,1,1,0
BRDA:56,2,0,0
BRDA:56,2,1,0
BRDA:59,3,0,0
BRDA:59,3,1,0
BRDA:78,4,0,0
BRDA:78,4,1,0
BRDA:80,5,0,0
BRDA:80,5,1,0
BRDA:81,6,0,0
BRDA:81,6,1,0
BRDA:97,7,0,0
BRDA:97,7,1,0
BRDA:97,8,0,0
BRDA:97,8,1,0
BRF:18
BRH:0
end_of_record
TN:
SF:lib\error-handler.ts
FN:20,(anonymous_8)
FN:62,createError
FN:71,logError
FN:97,handleApiError
FN:136,isClientError
FN:140,isServerError
FNF:6
FNH:0
FNDA:0,(anonymous_8)
FNDA:0,createError
FNDA:0,logError
FNDA:0,handleApiError
FNDA:0,isClientError
FNDA:0,isServerError
DA:15,0
DA:26,0
DA:27,0
DA:28,0
DA:29,0
DA:30,0
DA:34,0
DA:62,0
DA:68,0
DA:71,0
DA:72,0
DA:82,0
DA:83,0
DA:84,0
DA:85,0
DA:91,0
DA:93,0
DA:97,0
DA:102,0
DA:103,0
DA:111,0
DA:112,0
DA:120,0
DA:121,0
DA:129,0
DA:136,0
DA:137,0
DA:140,0
DA:141,0
LF:29
LH:0
BRDA:22,0,0,0
BRDA:23,1,0,0
BRDA:64,2,0,0
BRDA:65,3,0,0
BRDA:74,4,0,0
BRDA:74,4,1,0
BRDA:75,5,0,0
BRDA:75,5,1,0
BRDA:76,6,0,0
BRDA:76,6,1,0
BRDA:78,7,0,0
BRDA:78,7,1,0
BRDA:82,8,0,0
BRDA:82,8,1,0
BRDA:84,9,0,0
BRDA:84,9,1,0
BRDA:84,10,0,0
BRDA:84,10,1,0
BRDA:91,11,0,0
BRDA:91,11,1,0
BRDA:102,12,0,0
BRDA:102,12,1,0
BRDA:111,13,0,0
BRDA:111,13,1,0
BRDA:111,14,0,0
BRDA:111,14,1,0
BRDA:120,15,0,0
BRDA:120,15,1,0
BRDA:120,16,0,0
BRDA:120,16,1,0
BRDA:137,17,0,0
BRDA:137,17,1,0
BRF:32
BRH:0
end_of_record
TN:
SF:lib\rate-limit.ts
FN:23,(anonymous_4)
FN:30,(anonymous_5)
FN:32,(anonymous_6)
FN:40,createRateLimit
FN:43,(anonymous_8)
FN:113,createRateLimitResponse
FNF:6
FNH:0
FNDA:0,(anonymous_4)
FNDA:0,(anonymous_5)
FNDA:0,(anonymous_6)
FNDA:0,createRateLimit
FNDA:0,(anonymous_8)
FNDA:0,createRateLimitResponse
DA:20,0
DA:23,0
DA:24,0
DA:25,0
DA:26,0
DA:30,0
DA:31,0
DA:32,0
DA:33,0
DA:34,0
DA:40,0
DA:41,0
DA:43,0
DA:46,0
DA:47,0
DA:48,0
DA:51,0
DA:52,0
DA:56,0
DA:57,0
DA:58,0
DA:62,0
DA:66,0
DA:67,0
DA:75,0
DA:77,0
DA:86,0
DA:113,0
DA:114,0
LF:29
LH:0
BRDA:25,0,0,0
BRDA:25,0,1,0
BRDA:33,1,0,0
BRDA:33,1,1,0
BRDA:41,2,0,0
BRDA:51,3,0,0
BRDA:51,3,1,0
BRDA:57,4,0,0
BRDA:57,4,1,0
BRDA:57,5,0,0
BRDA:57,5,1,0
BRDA:66,6,0,0
BRDA:66,6,1,0
BRF:13
BRH:0
end_of_record
TN:
SF:lib\supabase.ts
FN:17,(anonymous_3)
FN:63,(anonymous_4)
FN:84,(anonymous_5)
FNF:3
FNH:0
FNDA:0,(anonymous_3)
FNDA:0,(anonymous_4)
FNDA:0,(anonymous_5)
DA:1,0
DA:6,0
DA:9,0
DA:12,0
DA:15,0
DA:18,0
DA:20,0
DA:42,0
DA:43,0
DA:46,0
DA:47,0
DA:52,0
DA:55,0
DA:57,0
DA:58,0
DA:64,0
DA:65,0
DA:71,0
DA:73,0
DA:76,0
DA:78,0
DA:79,0
DA:85,0
DA:86,0
DA:88,0
DA:89,0
DA:92,0
DA:94,0
DA:95,0
LF:29
LH:0
BRDA:6,0,0,0
BRDA:6,0,1,0
BRDA:9,1,0,0
BRDA:9,1,1,0
BRDA:28,2,0,0
BRDA:28,2,1,0
BRDA:29,3,0,0
BRDA:29,3,1,0
BRDA:30,4,0,0
BRDA:30,4,1,0
BRDA:31,5,0,0
BRDA:31,5,1,0
BRDA:32,6,0,0
BRDA:32,6,1,0
BRDA:33,7,0,0
BRDA:33,7,1,0
BRDA:34,8,0,0
BRDA:34,8,1,0
BRDA:35,9,0,0
BRDA:35,9,1,0
BRDA:36,10,0,0
BRDA:36,10,1,0
BRDA:42,11,0,0
BRDA:42,11,1,0
BRDA:46,12,0,0
BRDA:46,12,1,0
BRDA:71,13,0,0
BRDA:71,13,1,0
BRDA:71,14,0,0
BRDA:71,14,1,0
BRDA:88,15,0,0
BRDA:88,15,1,0
BRF:32
BRH:0
end_of_record
TN:
SF:lib\utils.ts
FN:4,cn
FNF:1
FNH:1
FNDA:4,cn
DA:1,1
DA:2,1
DA:4,4
DA:5,4
LF:4
LH:4
BRF:0
BRH:0
end_of_record
TN:
SF:lib\validations.ts
FNF:0
FNH:0
DA:1,1
DA:3,5
DA:62,1
DA:70,1
DA:79,1
DA:93,1
DA:104,1
LF:7
LH:7
BRF:0
BRH:0
end_of_record
